----------------------------------------------------------------------------------------------------
------------------------------------ MegaLinter, by OX Security ------------------------------------
----------------------------------------------------------------------------------------------------
 - Image Creation Date: 2023-02-05T11:57:24Z
 - Image Revision: f8d535e
 - Image Version: v6.19.0
----------------------------------------------------------------------------------------------------
The MegaLinter documentation can be found at:
 - https://megalinter.io/6.19.0
----------------------------------------------------------------------------------------------------
::group::MegaLinter initialization (expand for details)
GITHUB_REPOSITORY: davidB/axum-tracing-opentelemetry
GITHUB_REF: refs/pull/43/merge
GITHUB_RUN_ID: 4097700710


[Activation] JAVASCRIPT_ES has been set inactive, as none of these files has been found: ['.eslintrc.json', '.eslintrc.yml', '.eslintrc.yaml', '.eslintrc.js', '.eslintrc.cjs', 'package.json:eslintConfig']
[Activation] JSON_NPM_PACKAGE_JSON_LINT has been set inactive, as none of these files has been found: ['package.json']
[Activation] JSX_ESLINT has been set inactive, as none of these files has been found: ['.eslintrc.json', '.eslintrc.yml', '.eslintrc.yaml', '.eslintrc.js', '.eslintrc.cjs', 'package.json:eslintConfig']
[Activation] REPOSITORY_GOODCHECK has been set inactive, as none of these files has been found: ['goodcheck.yml']
[SemgrepLinter] Deactivated because no ruleset has been defined
[Activation] SQL_SQLFLUFF has been set inactive, as none of these files has been found: ['.sqlfluff']
[Activation] SWIFT_SWIFTLINT has been set inactive, as none of these files has been found: ['.swiftlint.yml']
[Activation] TSX_ESLINT has been set inactive, as none of these files has been found: ['.eslintrc.json', '.eslintrc.yml', '.eslintrc.yaml', '.eslintrc.js', '.eslintrc.cjs', 'package.json:eslintConfig']
[Activation] TYPESCRIPT_ES has been set inactive, as none of these files has been found: ['.eslintrc.json', '.eslintrc.yml', '.eslintrc.yaml', '.eslintrc.js', '.eslintrc.cjs', 'package.json:eslintConfig']
MARKDOWN_REMARK_LINT has been temporary disabled in MegaLinter, please use a previous MegaLinter version or wait for the next one !
Skipped linters: ANSIBLE_ANSIBLE_LINT, COPYPASTE_JSCPD, JAVASCRIPT_ES, JAVASCRIPT_PRETTIER, JSON_NPM_PACKAGE_JSON_LINT, JSX_ESLINT, KUBERNETES_KUBECONFORM, KUBERNETES_KUBEVAL, MARKDOWN_MARKDOWN_LINK_CHECK, MARKDOWN_REMARK_LINT, REPOSITORY_GOODCHECK, REPOSITORY_SEMGREP, RUST_CLIPPY, SALESFORCE_SFDX_SCANNER_APEX, SALESFORCE_SFDX_SCANNER_AURA, SALESFORCE_SFDX_SCANNER_LWC, SPELL_CSPELL, SPELL_MISSPELL, SPELL_PROSELINT, SQL_SQLFLUFF, SWIFT_SWIFTLINT, TSX_ESLINT, TYPESCRIPT_ES, TYPESCRIPT_PRETTIER
To receive reports as email, please set variable EMAIL_REPORTER_EMAIL
::endgroup::
::group::MegaLinter now collects the files to analyse (expand for details)
Listing all files in directory [/github/workspace], then filter with:
- File extensions: , *, .R, .RMD, .Rmd, .bash, .bicep, .c, .c++, .cc, .cdxml, .clj, .cljc, .cljs, .coffee, .cpp, .cs, .css, .cu, .cuh, .cxx, .dart, .dash, .edn, .env, .feature, .go, .gradle, .graphql, .groovy, .gvy, .h, .h++, .hcl, .hh, .hpp, .htm, .html, .hxx, .java, .js, .json, .json5, .jsonc, .ksh, .kt, .kts, .lua, .md, .nf, .p6, .php, .pl, .pl6, .pm, .pm6, .pp, .proto, .ps1, .ps1xml, .psd1, .psm1, .psrc, .pssc, .py, .r, .raku, .rakumod, .rakutest, .rb, .rst, .saas, .scala, .scss, .sh, .smk, .sql, .t, .tex, .tf, .ts, .vb, .xml, .yaml, .yml
- File names (regex): Dockerfile, Jenkinsfile, Makefile, Snakefile
- Excluding regex: (\.lock)|(\.ndjson)|(\.pdf)|(\.csv)|(\.zip)|(\.tar)|(\.ipynb)|(license.*)|(LICENSE.*)
- Excluding .gitignored files [0]: 
Kept [23] files on [24] found files

+----MATCHING LINTERS---------------------+----------------------+----------------+------------+
| Descriptor   | Linter                   | Criteria             | Matching files | Format/Fix |
+--------------+--------------------------+----------------------+----------------+------------+
| ACTION       | actionlint               | .yml|.yaml           | 2              | no         |
| BASH         | bash-exec                | .sh|.bash|.dash|.ksh | 1              | no         |
| BASH         | shellcheck               | .sh|.bash|.dash|.ksh | 1              | no         |
| BASH         | shfmt                    | .sh|.bash|.dash|.ksh | 1              | yes        |
| EDITORCONFIG | editorconfig-checker     | *                    | 23             | no         |
| JSON         | jsonlint                 | .json                | 1              | no         |
| JSON         | eslint-plugin-jsonc      | .json|.json5|.jsonc  | 1              | yes        |
| JSON         | v8r                      | .json                | 1              | no         |
| JSON         | prettier                 | .json                | 1              | yes        |
| MARKDOWN     | markdownlint             | .md                  | 1              | yes        |
| MARKDOWN     | markdown-table-formatter | .md                  | 1              | yes        |
| REPOSITORY   | checkov                  |                      | project        | no         |
| REPOSITORY   | devskim                  |                      | project        | no         |
| REPOSITORY   | dustilock                |                      | project        | no         |
| REPOSITORY   | git_diff                 |                      | project        | no         |
| REPOSITORY   | gitleaks                 |                      | project        | no         |
| REPOSITORY   | secretlint               |                      | project        | no         |
| REPOSITORY   | syft                     |                      | project        | no         |
| REPOSITORY   | trivy                    |                      | project        | no         |
| YAML         | prettier                 | .yml|.yaml           | 5              | yes        |
| YAML         | yamllint                 | .yml|.yaml           | 5              | no         |
| YAML         | v8r                      | .yml|.yaml           | 5              | no         |
+--------------+--------------------------+----------------------+----------------+------------+
::endgroup::
::group::[32m✅ Linted [BASH] files with [shfmt] successfully - (0.01s)[0m (expand for details)
- Using [shfmt v3.6.0] https://megalinter.io/6.19.0/descriptors/bash_shfmt
- MegaLinter key: [BASH_SHFMT]
- Rules config: identified by [shfmt]
- Number of files analyzed: [1]
::endgroup::
::group::[32m✅ Linted [YAML] files with [prettier] successfully - (0.64s)[0m (expand for details)
- Using [prettier v2.8.3] https://megalinter.io/6.19.0/descriptors/yaml_prettier
- MegaLinter key: [YAML_PRETTIER]
- Rules config: identified by [prettier]
- Number of files analyzed: [5]
::endgroup::
::group::[32m✅ Linted [MARKDOWN] files with [markdownlint] successfully - (0.36s)[0m (expand for details)
- Using [markdownlint v0.33.0] https://megalinter.io/6.19.0/descriptors/markdown_markdownlint
- MegaLinter key: [MARKDOWN_MARKDOWNLINT]
- Rules config: [.markdownlint.json]
- Number of files analyzed: [1]
::endgroup::
::group::[32m✅ Linted [MARKDOWN] files with [markdown-table-formatter] successfully - (0.23s)[0m (expand for details)
- Using [markdown-table-formatter v1.4.0] https://megalinter.io/6.19.0/descriptors/markdown_markdown_table_formatter
- MegaLinter key: [MARKDOWN_MARKDOWN_TABLE_FORMATTER]
- Rules config: identified by [markdown-table-formatter]
- Number of files analyzed: [1]
::endgroup::
::group::[32m✅ Linted [JSON] files with [v8r] successfully - (2.12s)[0m (expand for details)
- Using [v8r v0.14.0] https://megalinter.io/6.19.0/descriptors/json_v8r
- MegaLinter key: [JSON_V8R]
- Rules config: identified by [v8r]
- Number of files analyzed: [1]
::endgroup::
::group::[32m✅ Linted [JSON] files with [eslint-plugin-jsonc] successfully - (1.06s)[0m (expand for details)
- Using [eslint-plugin-jsonc v2.6.0] https://megalinter.io/6.19.0/descriptors/json_eslint_plugin_jsonc
- MegaLinter key: [JSON_ESLINT_PLUGIN_JSONC]
- Rules config: [.eslintrc-json.json]
- Number of files analyzed: [1]
::endgroup::
::group::[32m✅ Linted [REPOSITORY] files with [devskim] successfully - (0.68s)[0m (expand for details)
- Using [devskim v0.7.104] https://megalinter.io/6.19.0/descriptors/repository_devskim
- MegaLinter key: [REPOSITORY_DEVSKIM]
- Rules config: identified by [devskim]
::endgroup::
::group::[32m✅ Linted [JSON] files with [prettier] successfully - (0.41s)[0m (expand for details)
- Using [prettier v2.8.3] https://megalinter.io/6.19.0/descriptors/json_prettier
- MegaLinter key: [JSON_PRETTIER]
- Rules config: identified by [prettier]
- Number of files analyzed: [1]
::endgroup::
::group::[32m✅ Linted [REPOSITORY] files with [gitleaks] successfully - (0.19s)[0m (expand for details)
- Using [gitleaks v8.15.3] https://megalinter.io/6.19.0/descriptors/repository_gitleaks
- MegaLinter key: [REPOSITORY_GITLEAKS]
- Rules config: [.gitleaks.toml]
::endgroup::
::group::[32m✅ Linted [YAML] files with [v8r] successfully - (4.92s)[0m (expand for details)
- Using [v8r v0.14.0] https://megalinter.io/6.19.0/descriptors/yaml_v8r
- MegaLinter key: [YAML_V8R]
- Rules config: identified by [v8r]
- Number of files analyzed: [5]
::endgroup::
::group::[32m✅ Linted [REPOSITORY] files with [trivy] successfully - (3.29s)[0m (expand for details)
- Using [trivy v0.35.0] https://megalinter.io/6.19.0/descriptors/repository_trivy
- MegaLinter key: [REPOSITORY_TRIVY]
- Rules config: identified by [trivy]
::endgroup::
::group::[32m✅ Linted [ACTION] files with [actionlint] successfully - (0.08s)[0m (expand for details)
- Using [actionlint v1.6.23] https://megalinter.io/6.19.0/descriptors/action_actionlint
- MegaLinter key: [ACTION_ACTIONLINT]
- Rules config: identified by [actionlint]
- Number of files analyzed: [2]
::endgroup::
::group::[32m✅ Linted [BASH] files with [bash-exec] successfully - (0.01s)[0m (expand for details)
- Using [bash-exec v5.1.16] https://megalinter.io/6.19.0/descriptors/bash_bash_exec
- MegaLinter key: [BASH_EXEC]
- Rules config: identified by [bash-exec]
- Number of files analyzed: [1]
::endgroup::
::group::[32m✅ Linted [BASH] files with [shellcheck] successfully - (0.06s)[0m (expand for details)
- Using [shellcheck v0.9.0] https://megalinter.io/6.19.0/descriptors/bash_shellcheck
- MegaLinter key: [BASH_SHELLCHECK]
- Rules config: identified by [shellcheck]
- Number of files analyzed: [1]
::endgroup::
::group::[32m✅ Linted [EDITORCONFIG] files with [editorconfig-checker] successfully - (0.08s)[0m (expand for details)
- Using [editorconfig-checker v2.4.0] https://megalinter.io/6.19.0/descriptors/editorconfig_editorconfig_checker
- MegaLinter key: [EDITORCONFIG_EDITORCONFIG_CHECKER]
- Rules config: identified by [editorconfig-checker]
- Number of files analyzed: [23]
::endgroup::
::group::[32m✅ Linted [JSON] files with [jsonlint] successfully - (0.39s)[0m (expand for details)
- Using [jsonlint v11.7.0] https://megalinter.io/6.19.0/descriptors/json_jsonlint
- MegaLinter key: [JSON_JSONLINT]
- Rules config: identified by [jsonlint]
- Number of files analyzed: [1]
::endgroup::
::group::[32m✅ Linted [REPOSITORY] files with [dustilock] successfully - (0.02s)[0m (expand for details)
- Using [dustilock v0.0.0] https://megalinter.io/6.19.0/descriptors/repository_dustilock
- MegaLinter key: [REPOSITORY_DUSTILOCK]
- Rules config: identified by [dustilock]
::endgroup::
::group::[32m✅ Linted [REPOSITORY] files with [checkov] successfully - (8.37s)[0m (expand for details)
- Using [checkov v2.1.244] https://megalinter.io/6.19.0/descriptors/repository_checkov
- MegaLinter key: [REPOSITORY_CHECKOV]
- Rules config: [.checkov.yml]
::endgroup::
::group::[32m✅ Linted [REPOSITORY] files with [secretlint] successfully - (1.16s)[0m (expand for details)
- Using [secretlint v6.2.0] https://megalinter.io/6.19.0/descriptors/repository_secretlint
- MegaLinter key: [REPOSITORY_SECRETLINT]
- Rules config: [.secretlintrc.json]
- Ignore file: [.secretlintignore]
::endgroup::
::group::[32m✅ Linted [REPOSITORY] files with [syft] successfully - (0.47s)[0m (expand for details)
- Using [syft v0.70.0] https://megalinter.io/6.19.0/descriptors/repository_syft
- MegaLinter key: [REPOSITORY_SYFT]
- Rules config: identified by [syft]
::endgroup::
::group::[32m✅ Linted [REPOSITORY] files with [git_diff] successfully - (0.02s)[0m (expand for details)
- Using [git_diff v2.36.4] https://megalinter.io/6.19.0/descriptors/repository_git_diff
- MegaLinter key: [REPOSITORY_GIT_DIFF]
- Rules config: identified by [git_diff]
::endgroup::
::group::[32m✅ Linted [YAML] files with [yamllint] successfully - (0.31s)[0m (expand for details)
- Using [yamllint v1.29.0] https://megalinter.io/6.19.0/descriptors/yaml_yamllint
- MegaLinter key: [YAML_YAMLLINT]
- Rules config: [/github/workspace/.yamllint.yml]
- Number of files analyzed: [5]
::endgroup::

+----SUMMARY------+--------------------------+---------------+-------+-------+--------+--------------+
| Descriptor      | Linter                   | Mode          | Files | Fixed | Errors | Elapsed time |
+-----------------+--------------------------+---------------+-------+-------+--------+--------------+
| ✅ ACTION       | actionlint               | list_of_files |     2 |       |      0 |        0.08s |
| ✅ BASH         | bash-exec                | file          |     1 |       |      0 |        0.01s |
| ✅ BASH         | shellcheck               | list_of_files |     1 |       |      0 |        0.06s |
| ✅ BASH         | shfmt                    | list_of_files |     1 |     0 |      0 |        0.01s |
| ✅ EDITORCONFIG | editorconfig-checker     | list_of_files |    23 |       |      0 |        0.08s |
| ✅ JSON         | eslint-plugin-jsonc      | list_of_files |     1 |     0 |      0 |        1.06s |
| ✅ JSON         | jsonlint                 | list_of_files |     1 |       |      0 |        0.39s |
| ✅ JSON         | prettier                 | list_of_files |     1 |     0 |      0 |        0.41s |
| ✅ JSON         | v8r                      | list_of_files |     1 |       |      0 |        2.12s |
| ✅ MARKDOWN     | markdownlint             | list_of_files |     1 |     0 |      0 |        0.36s |
| ✅ MARKDOWN     | markdown-table-formatter | list_of_files |     1 |     1 |      0 |        0.23s |
| ✅ REPOSITORY   | checkov                  | project       |   n/a |       |      0 |        8.37s |
| ✅ REPOSITORY   | devskim                  | project       |   n/a |       |      0 |        0.68s |
| ✅ REPOSITORY   | dustilock                | project       |   n/a |       |      0 |        0.02s |
| ✅ REPOSITORY   | gitleaks                 | project       |   n/a |       |      0 |        0.19s |
| ✅ REPOSITORY   | git_diff                 | project       |   n/a |       |      0 |        0.02s |
| ✅ REPOSITORY   | secretlint               | project       |   n/a |       |      0 |        1.16s |
| ✅ REPOSITORY   | syft                     | project       |   n/a |       |      0 |        0.47s |
| ✅ REPOSITORY   | trivy                    | project       |   n/a |       |      0 |        3.29s |
| ✅ YAML         | prettier                 | list_of_files |     5 |     0 |      0 |        0.64s |
| ✅ YAML         | v8r                      | list_of_files |     5 |       |      0 |        4.92s |
| ✅ YAML         | yamllint                 | list_of_files |     5 |       |      0 |        0.31s |
+-----------------+--------------------------+---------------+-------+-------+--------+--------------+

[34mYou could have same capabilities but better runtime performances if you use a MegaLinter flavor:[0m
- [documentation] oxsecurity/megalinter/flavors/documentation@v6.19.0 (47 linters) https://megalinter.io/6.19.0/flavors/documentation/
- [ruby] oxsecurity/megalinter/flavors/ruby@v6.19.0 (47 linters) https://megalinter.io/6.19.0/flavors/ruby/
- [rust] oxsecurity/megalinter/flavors/rust@v6.19.0 (47 linters) https://megalinter.io/6.19.0/flavors/rust/
- [swift] oxsecurity/megalinter/flavors/swift@v6.19.0 (47 linters) https://megalinter.io/6.19.0/flavors/swift/
- [go] oxsecurity/megalinter/flavors/go@v6.19.0 (49 linters) https://megalinter.io/6.19.0/flavors/go/
- [java] oxsecurity/megalinter/flavors/java@v6.19.0 (50 linters) https://megalinter.io/6.19.0/flavors/java/
- [php] oxsecurity/megalinter/flavors/php@v6.19.0 (50 linters) https://megalinter.io/6.19.0/flavors/php/
- [salesforce] oxsecurity/megalinter/flavors/salesforce@v6.19.0 (50 linters) https://megalinter.io/6.19.0/flavors/salesforce/
- [terraform] oxsecurity/megalinter/flavors/terraform@v6.19.0 (52 linters) https://megalinter.io/6.19.0/flavors/terraform/
- [javascript] oxsecurity/megalinter/flavors/javascript@v6.19.0 (56 linters) https://megalinter.io/6.19.0/flavors/javascript/
- [python] oxsecurity/megalinter/flavors/python@v6.19.0 (57 linters) https://megalinter.io/6.19.0/flavors/python/
- [dotnet] oxsecurity/megalinter/flavors/dotnet@v6.19.0 (59 linters) https://megalinter.io/6.19.0/flavors/dotnet/
- [cupcake] oxsecurity/megalinter/flavors/cupcake@v6.19.0 (80 linters) https://megalinter.io/6.19.0/flavors/cupcake/

[GitHub Comment Reporter] Posted summary as comment on davidB/axum-tracing-opentelemetry #PR43
[Updated Sources Reporter] copied 1 fixed source files in folder /github/workspace/megalinter-reports/updated_sources.
Download it from artifacts then copy-paste it in your local repo to apply linters updates
[32m✅ Successfully linted all files without errors[0m
